# JRE version: OpenJDK Runtime Environment (8.0_222-b10) (build 1.8.0_222-8u222-b10-1ubuntu1~18.04.1-b10)
# Java VM: OpenJDK 64-Bit Server VM (25.222-b10 mixed mode linux-amd64 compressed oops)
Heap:
 PSYoungGen      total 159232K, used 83646K [0x00000000f5580000, 0x0000000100000000, 0x0000000100000000)
  eden space 143872K, 50% used [0x00000000f5580000,0x00000000f9c9dd80,0x00000000fe200000)
  from space 15360K, 70% used [0x00000000fe200000,0x00000000fec91d90,0x00000000ff100000)
  to   space 15360K, 0% used [0x00000000ff100000,0x00000000ff100000,0x0000000100000000)
 ParOldGen       total 175104K, used 12897K [0x00000000e0000000, 0x00000000eab00000, 0x00000000f5580000)
  object space 175104K, 7% used [0x00000000e0000000,0x00000000e0c98678,0x00000000eab00000)
 Metaspace       used 43050K, capacity 44240K, committed 44416K, reserved 1087488K
  class space    used 5926K, capacity 6219K, committed 6272K, reserved 1048576K
GC Heap History (10 events):
Event: 20,973 GC heap before
{Heap before GC invocations=5 (full 1):
 PSYoungGen      total 141824K, used 7532K [0x00000000f5580000, 0x00000000fea80000, 0x0000000100000000)
  eden space 131072K, 0% used [0x00000000f5580000,0x00000000f5580000,0x00000000fd580000)
  from space 10752K, 70% used [0x00000000fe000000,0x00000000fe75b110,0x00000000fea80000)
  to   space 10752K, 0% used [0x00000000fd580000,0x00000000fd580000,0x00000000fe000000)
 ParOldGen       total 175104K, used 1379K [0x00000000e0000000, 0x00000000eab00000, 0x00000000f5580000)
  object space 175104K, 0% used [0x00000000e0000000,0x00000000e0158ee8,0x00000000eab00000)
 Metaspace       used 20675K, capacity 21010K, committed 21248K, reserved 1067008K
  class space    used 2906K, capacity 3047K, committed 3072K, reserved 1048576K
Event: 20,995 GC heap after
Heap after GC invocations=5 (full 1):
 PSYoungGen      total 141824K, used 0K [0x00000000f5580000, 0x00000000fea80000, 0x0000000100000000)
  eden space 131072K, 0% used [0x00000000f5580000,0x00000000f5580000,0x00000000fd580000)
  from space 10752K, 0% used [0x00000000fe000000,0x00000000fe000000,0x00000000fea80000)
  to   space 10752K, 0% used [0x00000000fd580000,0x00000000fd580000,0x00000000fe000000)
 ParOldGen       total 175104K, used 7320K [0x00000000e0000000, 0x00000000eab00000, 0x00000000f5580000)
  object space 175104K, 4% used [0x00000000e0000000,0x00000000e0726068,0x00000000eab00000)
 Metaspace       used 20675K, capacity 21010K, committed 21248K, reserved 1067008K
  class space    used 2906K, capacity 3047K, committed 3072K, reserved 1048576K
}
Event: 21,797 GC heap before
{Heap before GC invocations=6 (full 1):
 PSYoungGen      total 141824K, used 131072K [0x00000000f5580000, 0x00000000fea80000, 0x0000000100000000)
  eden space 131072K, 100% used [0x00000000f5580000,0x00000000fd580000,0x00000000fd580000)
  from space 10752K, 0% used [0x00000000fe000000,0x00000000fe000000,0x00000000fea80000)
  to   space 10752K, 0% used [0x00000000fd580000,0x00000000fd580000,0x00000000fe000000)
 ParOldGen       total 175104K, used 7320K [0x00000000e0000000, 0x00000000eab00000, 0x00000000f5580000)
  object space 175104K, 4% used [0x00000000e0000000,0x00000000e0726068,0x00000000eab00000)
 Metaspace       used 33339K, capacity 33894K, committed 34304K, reserved 1079296K
  class space    used 4429K, capacity 4597K, committed 4608K, reserved 1048576K
Event: 21,807 GC heap after
Heap after GC invocations=6 (full 1):
 PSYoungGen      total 141824K, used 10744K [0x00000000f5580000, 0x0000000100000000, 0x0000000100000000)
  eden space 131072K, 0% used [0x00000000f5580000,0x00000000f5580000,0x00000000fd580000)
  from space 10752K, 99% used [0x00000000fd580000,0x00000000fdffe2f8,0x00000000fe000000)
  to   space 15360K, 0% used [0x00000000ff100000,0x00000000ff100000,0x0000000100000000)
 ParOldGen       total 175104K, used 9775K [0x00000000e0000000, 0x00000000eab00000, 0x00000000f5580000)
  object space 175104K, 5% used [0x00000000e0000000,0x00000000e098beb0,0x00000000eab00000)
 Metaspace       used 33339K, capacity 33894K, committed 34304K, reserved 1079296K
  class space    used 4429K, capacity 4597K, committed 4608K, reserved 1048576K
}
Event: 21,949 GC heap before
{Heap before GC invocations=7 (full 1):
 PSYoungGen      total 141824K, used 34133K [0x00000000f5580000, 0x0000000100000000, 0x0000000100000000)
  eden space 131072K, 17% used [0x00000000f5580000,0x00000000f6c57140,0x00000000fd580000)
  from space 10752K, 99% used [0x00000000fd580000,0x00000000fdffe2f8,0x00000000fe000000)
  to   space 15360K, 0% used [0x00000000ff100000,0x00000000ff100000,0x0000000100000000)
 ParOldGen       total 175104K, used 9775K [0x00000000e0000000, 0x00000000eab00000, 0x00000000f5580000)
  object space 175104K, 5% used [0x00000000e0000000,0x00000000e098beb0,0x00000000eab00000)
 Metaspace       used 34659K, capacity 35158K, committed 35416K, reserved 1079296K
  class space    used 4672K, capacity 4861K, committed 4864K, reserved 1048576K
Event: 21,954 GC heap after
Heap after GC invocations=7 (full 1):
 PSYoungGen      total 159232K, used 6092K [0x00000000f5580000, 0x0000000100000000, 0x0000000100000000)
  eden space 143872K, 0% used [0x00000000f5580000,0x00000000f5580000,0x00000000fe200000)
  from space 15360K, 39% used [0x00000000ff100000,0x00000000ff6f3018,0x0000000100000000)
  to   space 15360K, 0% used [0x00000000fe200000,0x00000000fe200000,0x00000000ff100000)
 ParOldGen       total 175104K, used 9783K [0x00000000e0000000, 0x00000000eab00000, 0x00000000f5580000)
  object space 175104K, 5% used [0x00000000e0000000,0x00000000e098deb0,0x00000000eab00000)
 Metaspace       used 34659K, capacity 35158K, committed 35416K, reserved 1079296K
  class space    used 4672K, capacity 4861K, committed 4864K, reserved 1048576K
}
Event: 21,954 GC heap before
{Heap before GC invocations=8 (full 2):
 PSYoungGen      total 159232K, used 6092K [0x00000000f5580000, 0x0000000100000000, 0x0000000100000000)
  eden space 143872K, 0% used [0x00000000f5580000,0x00000000f5580000,0x00000000fe200000)
  from space 15360K, 39% used [0x00000000ff100000,0x00000000ff6f3018,0x0000000100000000)
  to   space 15360K, 0% used [0x00000000fe200000,0x00000000fe200000,0x00000000ff100000)
 ParOldGen       total 175104K, used 9783K [0x00000000e0000000, 0x00000000eab00000, 0x00000000f5580000)
  object space 175104K, 5% used [0x00000000e0000000,0x00000000e098deb0,0x00000000eab00000)
 Metaspace       used 34659K, capacity 35158K, committed 35416K, reserved 1079296K
  class space    used 4672K, capacity 4861K, committed 4864K, reserved 1048576K
Event: 21,983 GC heap after
Heap after GC invocations=8 (full 2):
 PSYoungGen      total 159232K, used 0K [0x00000000f5580000, 0x0000000100000000, 0x0000000100000000)
  eden space 143872K, 0% used [0x00000000f5580000,0x00000000f5580000,0x00000000fe200000)
  from space 15360K, 0% used [0x00000000ff100000,0x00000000ff100000,0x0000000100000000)
  to   space 15360K, 0% used [0x00000000fe200000,0x00000000fe200000,0x00000000ff100000)
 ParOldGen       total 175104K, used 12889K [0x00000000e0000000, 0x00000000eab00000, 0x00000000f5580000)
  object space 175104K, 7% used [0x00000000e0000000,0x00000000e0c96678,0x00000000eab00000)
 Metaspace       used 34630K, capacity 35064K, committed 35416K, reserved 1079296K
  class space    used 4663K, capacity 4851K, committed 4864K, reserved 1048576K
}
Event: 22,554 GC heap before
{Heap before GC invocations=9 (full 2):
 PSYoungGen      total 159232K, used 143872K [0x00000000f5580000, 0x0000000100000000, 0x0000000100000000)
  eden space 143872K, 100% used [0x00000000f5580000,0x00000000fe200000,0x00000000fe200000)
  from space 15360K, 0% used [0x00000000ff100000,0x00000000ff100000,0x0000000100000000)
  to   space 15360K, 0% used [0x00000000fe200000,0x00000000fe200000,0x00000000ff100000)
 ParOldGen       total 175104K, used 12889K [0x00000000e0000000, 0x00000000eab00000, 0x00000000f5580000)
  object space 175104K, 7% used [0x00000000e0000000,0x00000000e0c96678,0x00000000eab00000)
 Metaspace       used 40112K, capacity 40798K, committed 41216K, reserved 1085440K
  class space    used 5564K, capacity 5790K, committed 5888K, reserved 1048576K
Event: 22,560 GC heap after
Heap after GC invocations=9 (full 2):
 PSYoungGen      total 159232K, used 10823K [0x00000000f5580000, 0x0000000100000000, 0x0000000100000000)
  eden space 143872K, 0% used [0x00000000f5580000,0x00000000f5580000,0x00000000fe200000)
  from space 15360K, 70% used [0x00000000fe200000,0x00000000fec91d90,0x00000000ff100000)
  to   space 15360K, 0% used [0x00000000ff100000,0x00000000ff100000,0x0000000100000000)
 ParOldGen       total 175104K, used 12897K [0x00000000e0000000, 0x00000000eab00000, 0x00000000f5580000)
  object space 175104K, 7% used [0x00000000e0000000,0x00000000e0c98678,0x00000000eab00000)
 Metaspace       used 40112K, capacity 40798K, committed 41216K, reserved 1085440K
  class space    used 5564K, capacity 5790K, committed 5888K, reserved 1048576K
}

